000 (124541852.000.000) 01/29 19:57:48 Job submitted from host: <128.104.100.44:9618?addrs=128.104.100.44-9618+[2607-f388-107c-501-90e2-baff-fe2c-2724]-9618&noUDP&sock=92221_5561_3>
...
001 (124541852.000.000) 01/29 19:58:42 Job executing on host: <128.104.58.22:9618?addrs=128.104.58.22-9618+[2607-f388-1086-0-a6ba-dbff-fe38-e71c]-9618&noUDP&sock=12210_9f75_3>
...
006 (124541852.000.000) 01/29 19:58:50 Image size of job updated: 1728
	2  -  MemoryUsage of job (MB)
	1672  -  ResidentSetSize of job (KB)
...
006 (124541852.000.000) 01/29 20:03:51 Image size of job updated: 1748
	2  -  MemoryUsage of job (MB)
	1692  -  ResidentSetSize of job (KB)
...
006 (124541852.000.000) 01/29 20:08:31 Image size of job updated: 1756
	2  -  MemoryUsage of job (MB)
	1692  -  ResidentSetSize of job (KB)
...
005 (124541852.000.000) 01/29 20:08:33 Job terminated.
	(1) Normal termination (return value 0)
		Usr 0 00:00:46, Sys 0 00:00:06  -  Run Remote Usage
		Usr 0 00:00:00, Sys 0 00:00:00  -  Run Local Usage
		Usr 0 00:00:46, Sys 0 00:00:06  -  Total Remote Usage
		Usr 0 00:00:00, Sys 0 00:00:00  -  Total Local Usage
	233022496  -  Run Bytes Sent By Job
	167260528  -  Run Bytes Received By Job
	233022496  -  Total Bytes Sent By Job
	167260528  -  Total Bytes Received By Job
	Partitionable Resources :     Usage  Request Allocated 
	   Cpus                 :      0.65        1         1 
	   Disk (KB)            : 699103     2097152   2719048 
	   Ioheavy              :                            0 
	   Memory (MB)          :      2        8192      8192 
...
000 (124543036.000.000) 01/29 20:14:04 Job submitted from host: <128.104.100.44:9618?addrs=128.104.100.44-9618+[2607-f388-107c-501-90e2-baff-fe2c-2724]-9618&noUDP&sock=92221_5561_3>
...
001 (124543036.000.000) 01/29 20:20:32 Job executing on host: <128.105.245.213:9618?addrs=128.105.245.213-9618&noUDP&sock=6031_57c4_3>
...
006 (124543036.000.000) 01/29 20:20:41 Image size of job updated: 68
	1  -  MemoryUsage of job (MB)
	68  -  ResidentSetSize of job (KB)
...
006 (124543036.000.000) 01/29 20:25:42 Image size of job updated: 1042776
	1001  -  MemoryUsage of job (MB)
	1024780  -  ResidentSetSize of job (KB)
...
005 (124543036.000.000) 01/29 20:55:03 Job terminated.
	(0) Abnormal termination (signal 255)
	(0) No core file
		Usr 0 00:00:00, Sys 0 00:00:00  -  Run Remote Usage
		Usr 0 00:00:00, Sys 0 00:00:00  -  Run Local Usage
		Usr 0 00:00:00, Sys 0 00:00:00  -  Total Remote Usage
		Usr 0 00:00:00, Sys 0 00:00:00  -  Total Local Usage
	106201248  -  Run Bytes Sent By Job
	167288240  -  Run Bytes Received By Job
	106201248  -  Total Bytes Sent By Job
	167288240  -  Total Bytes Received By Job
	Partitionable Resources :     Usage  Request Allocated 
	   Cpus                 :      1.00        1         1 
	   Disk (KB)            : 699172     2097152   2650737 
	   Ioheavy              :                            0 
	   Memory (MB)          :   1001        8192      8192 
...
