000 (124567031.000.000) 01/30 09:47:24 Job submitted from host: <128.104.100.44:9618?addrs=128.104.100.44-9618+[2607-f388-107c-501-90e2-baff-fe2c-2724]-9618&noUDP&sock=92221_5561_3>
...
001 (124567031.000.000) 01/30 16:55:03 Job executing on host: <128.105.245.216:9618?addrs=128.105.245.216-9618&noUDP&sock=6026_e9cb_3>
...
006 (124567031.000.000) 01/30 16:55:11 Image size of job updated: 484
	1  -  MemoryUsage of job (MB)
	484  -  ResidentSetSize of job (KB)
...
006 (124567031.000.000) 01/30 16:58:04 Image size of job updated: 31900
	1  -  MemoryUsage of job (MB)
	484  -  ResidentSetSize of job (KB)
...
005 (124567031.000.000) 01/30 16:58:04 Job terminated.
	(1) Normal termination (return value 1)
		Usr 0 00:00:04, Sys 0 00:00:02  -  Run Remote Usage
		Usr 0 00:00:00, Sys 0 00:00:00  -  Run Local Usage
		Usr 0 00:00:04, Sys 0 00:00:02  -  Total Remote Usage
		Usr 0 00:00:00, Sys 0 00:00:00  -  Total Local Usage
	106201760  -  Run Bytes Sent By Job
	167288880  -  Run Bytes Received By Job
	106201760  -  Total Bytes Sent By Job
	167288880  -  Total Bytes Received By Job
	Partitionable Resources :     Usage  Request Allocated 
	   Cpus                 :      0.03        1         1 
	   Disk (KB)            : 699158     4194304   4450568 
	   Ioheavy              :                            0 
	   Memory (MB)          :      1       32768     32768 
...
