MinMaxScaler(copy=True, feature_range=(0, 1))
[[0.56338384 0.46298477 0.63071499 ... 0.42244079 0.24112541 0.67628533]
 [0.70819261 0.61376833 0.63079494 ... 0.26852619 0.3976628  0.70792548]
 [0.75054825 0.62952542 0.75390632 ... 0.39980056 0.23134098 0.74746135]
 ...
 [0.82948628 0.60251881 0.60762203 ... 0.43988698 0.3236935  0.81886675]
 [0.78228555 0.53565264 0.72338028 ... 0.49191029 0.2692075  0.71513245]
 [0.92661741 0.60327577 0.71463065 ... 0.30231448 0.32257515 0.78388975]]
Training Features Shape: (7646, 1024)
Training Labels Shape: (7646, 978)
Testing Features Shape: (850, 1024)
Testing Labels Shape: (850, 978)
Modelling with Dummy
Modelling with Extra trees
Modelling with K-nn
Modelling with Linear regression
Modelling with Ridge
Modelling with Lasso
Modelling with ElasticNet
Modelling with RandomForestRegressor
Modelling with Decision Tree Regressor
Modelling with MultiO/P GBR
Modelling with MultiO/P AdaB
Fitting 5 folds for each of 16 candidates, totalling 80 fits
[CV] max_depth=3, max_features=log2, n_estimators=1000 ...............
[CV]  max_depth=3, max_features=log2, n_estimators=1000, score=-0.006550077466571829, total= 9.9min
[CV] max_depth=3, max_features=log2, n_estimators=1000 ...............
[CV]  max_depth=3, max_features=log2, n_estimators=1000, score=-0.006356290976987715, total=16.3min
[CV] max_depth=3, max_features=log2, n_estimators=1000 ...............
[CV]  max_depth=3, max_features=log2, n_estimators=1000, score=-0.006593264094464689, total=26.2min
[CV] max_depth=3, max_features=log2, n_estimators=1000 ...............
[CV]  max_depth=3, max_features=log2, n_estimators=1000, score=-0.006840633223744755, total=26.4min
[CV] max_depth=4, max_features=log2, n_estimators=1000 ...............
[CV]  max_depth=4, max_features=log2, n_estimators=1000, score=-0.006822509190362049, total=29.5min
[CV] max_depth=3, max_features=log2, n_estimators=1000 ...............
[CV]  max_depth=3, max_features=log2, n_estimators=1000, score=-0.009594004646532147, total=31.1min
[CV] max_depth=4, max_features=log2, n_estimators=1000 ...............
[CV]  max_depth=4, max_features=log2, n_estimators=1000, score=-0.0065756069192609914, total=38.6min
[CV] max_depth=4, max_features=log2, n_estimators=1000 ...............
[CV]  max_depth=4, max_features=log2, n_estimators=1000, score=-0.009563586605415083, total=44.9min
[CV] max_depth=4, max_features=auto, n_estimators=10 .................
[CV]  max_depth=4, max_features=auto, n_estimators=10, score=-0.0068302346492364035, total= 2.8min
[CV] max_depth=5, max_features=log2, n_estimators=10 .................
[CV]  max_depth=5, max_features=log2, n_estimators=10, score=-0.009601386536865063, total=   2.7s
[CV] max_depth=5, max_features=log2, n_estimators=10 .................
[CV]  max_depth=5, max_features=log2, n_estimators=10, score=-0.006339547790845987, total=  10.8s
[CV] max_depth=5, max_features=log2, n_estimators=1000 ...............
[CV]  max_depth=5, max_features=log2, n_estimators=1000, score=-0.006804673376843788, total=50.2min
[CV] max_depth=3, max_features=auto, n_estimators=10 .................
[CV]  max_depth=3, max_features=auto, n_estimators=10, score=-0.006353805862816581, total= 3.7min
[CV] max_depth=5, max_features=log2, n_estimators=1000 ...............
[CV]  max_depth=5, max_features=log2, n_estimators=1000, score=-0.0065587111898570485, total=46.1min
[CV] max_depth=4, max_features=log2, n_estimators=1000 ...............
[CV]  max_depth=4, max_features=log2, n_estimators=1000, score=-0.0065344440016941, total=42.1min
[CV] max_depth=4, max_features=log2, n_estimators=1000 ...............
[CV]  max_depth=4, max_features=log2, n_estimators=1000, score=-0.006340388070220349, total=42.5min
[CV] max_depth=3, max_features=auto, n_estimators=10 .................
[CV]  max_depth=3, max_features=auto, n_estimators=10, score=-0.009631667178896504, total= 3.0min
[CV] max_depth=5, max_features=log2, n_estimators=10 .................
[CV]  max_depth=5, max_features=log2, n_estimators=10, score=-0.006809104414777917, total=   4.3s
[CV] max_depth=5, max_features=log2, n_estimators=10 .................
[CV]  max_depth=5, max_features=log2, n_estimators=10, score=-0.006567926764990348, total=  16.2s
[CV] max_depth=5, max_features=log2, n_estimators=1000 ...............
[CV]  max_depth=5, max_features=log2, n_estimators=1000, score=-0.006515806271600461, total=50.6min
[CV] max_depth=3, max_features=auto, n_estimators=10 .................
[CV]  max_depth=3, max_features=auto, n_estimators=10, score=-0.006553306610946997, total= 2.9min
[CV] max_depth=5, max_features=log2, n_estimators=10 .................
[CV]  max_depth=5, max_features=log2, n_estimators=10, score=-0.00653095051221463, total=  34.3s
[CV] max_depth=5, max_features=log2, n_estimators=1000 ...............
[CV]  max_depth=5, max_features=log2, n_estimators=1000, score=-0.006321712712146951, total=45.5min
[CV] max_depth=4, max_features=auto, n_estimators=10 .................
[CV]  max_depth=4, max_features=auto, n_estimators=10, score=-0.00961286728270252, total= 4.4min
[CV] max_depth=6, max_features=auto, n_estimators=10 .................
[CV]  max_depth=6, max_features=auto, n_estimators=10, score=-0.006801299610158437, total= 7.8min
[CV] max_depth=6, max_features=log2, n_estimators=1000 ...............
[CV]  max_depth=6, max_features=log2, n_estimators=1000, score=-0.006497499422324801, total=51.3min
[CV] max_depth=4, max_features=log2, n_estimators=10 .................
[CV]  max_depth=4, max_features=log2, n_estimators=10, score=-0.009601367678141525, total=  12.4s
[CV] max_depth=5, max_features=auto, n_estimators=10 .................
[CV]  max_depth=5, max_features=auto, n_estimators=10, score=-0.009514457427344697, total= 5.6min
[CV] max_depth=6, max_features=auto, n_estimators=10 .................
[CV]  max_depth=6, max_features=auto, n_estimators=10, score=-0.006574116141169973, total= 7.4min
[CV] max_depth=6, max_features=log2, n_estimators=1000 ...............
[CV]  max_depth=6, max_features=log2, n_estimators=1000, score=-0.006302305904966052, total=55.8min
[CV] max_depth=3, max_features=log2, n_estimators=10 .................
[CV]  max_depth=3, max_features=log2, n_estimators=10, score=-0.00659664255590359, total=  13.3s
[CV] max_depth=5, max_features=auto, n_estimators=10 .................
[CV]  max_depth=5, max_features=auto, n_estimators=10, score=-0.006520627232815488, total= 8.5min
[CV] max_depth=6, max_features=log2, n_estimators=10 .................
[CV]  max_depth=6, max_features=log2, n_estimators=10, score=-0.009519690692437292, total=  32.5s
[CV] max_depth=6, max_features=log2, n_estimators=10 .................
[CV]  max_depth=6, max_features=log2, n_estimators=10, score=-0.006793753636260112, total=   3.2s
[CV] max_depth=6, max_features=log2, n_estimators=10 .................
[CV]  max_depth=6, max_features=log2, n_estimators=10, score=-0.006500247314283664, total=   8.5s
[CV] max_depth=6, max_features=log2, n_estimators=10 .................
[CV]  max_depth=6, max_features=log2, n_estimators=10, score=-0.0063237211845898755, total=   8.5s
[CV] max_depth=6, max_features=log2, n_estimators=10 .................
[CV]  max_depth=6, max_features=log2, n_estimators=10, score=-0.006550788869586875, total=   7.2s
[CV] max_depth=6, max_features=log2, n_estimators=1000 ...............
[CV]  max_depth=6, max_features=log2, n_estimators=1000, score=-0.009499171403305735, total=57.0min
[CV] max_depth=4, max_features=auto, n_estimators=10 .................
[CV]  max_depth=4, max_features=auto, n_estimators=10, score=-0.006595223667522492, total= 3.2min
[CV] max_depth=5, max_features=log2, n_estimators=1000 ...............
[CV]  max_depth=5, max_features=log2, n_estimators=1000, score=-0.009542688252847606, total=44.7min
[CV] max_depth=3, max_features=auto, n_estimators=10 .................
[CV]  max_depth=3, max_features=auto, n_estimators=10, score=-0.006843984215998331, total= 4.4min
[CV] max_depth=6, max_features=auto, n_estimators=10 .................
[CV]  max_depth=6, max_features=auto, n_estimators=10, score=-0.006509074478022297, total= 7.5min
[CV] max_depth=6, max_features=log2, n_estimators=1000 ...............
[CV]  max_depth=6, max_features=log2, n_estimators=1000, score=-0.006782936133531104, total=48.3min
[CV] max_depth=3, max_features=log2, n_estimators=10 .................
[CV]  max_depth=3, max_features=log2, n_estimators=10, score=-0.006547491679856142, total=  19.7s
[CV] max_depth=5, max_features=auto, n_estimators=10 .................
[CV]  max_depth=5, max_features=auto, n_estimators=10, score=-0.006813072550920356, total= 4.9min
[CV] max_depth=6, max_features=auto, n_estimators=10 .................
[CV]  max_depth=6, max_features=auto, n_estimators=10, score=-0.006324477577484742, total= 8.0min
[CV] max_depth=6, max_features=log2, n_estimators=1000 ...............
[CV]  max_depth=6, max_features=log2, n_estimators=1000, score=-0.006537258563567115, total=72.3min
[CV] max_depth=3, max_features=log2, n_estimators=10 .................
[CV]  max_depth=3, max_features=log2, n_estimators=10, score=-0.0063621879032895266, total=  31.9s
[CV] max_depth=5, max_features=auto, n_estimators=10 .................
[CV]  max_depth=5, max_features=auto, n_estimators=10, score=-0.006583970823569623, total= 7.5min
[CV] max_depth=6, max_features=auto, n_estimators=1000 ...............
[CV]  max_depth=6, max_features=auto, n_estimators=1000, score=-0.006563233035008633, total=788.1min
[CV] max_depth=3, max_features=auto, n_estimators=1000 ...............
[CV]  max_depth=3, max_features=auto, n_estimators=1000, score=-0.00658634205918525, total=846.7min
[CV] max_depth=3, max_features=auto, n_estimators=1000 ...............
[CV]  max_depth=3, max_features=auto, n_estimators=1000, score=-0.00958435343821621, total=865.2min
[CV] max_depth=3, max_features=auto, n_estimators=1000 ...............
[CV]  max_depth=3, max_features=auto, n_estimators=1000, score=-0.006347995853891565, total=882.5min
[CV] max_depth=3, max_features=auto, n_estimators=1000 ...............
[CV]  max_depth=3, max_features=auto, n_estimators=1000, score=-0.006834103852578489, total=902.7min
[CV] max_depth=3, max_features=auto, n_estimators=1000 ...............
[CV]  max_depth=3, max_features=auto, n_estimators=1000, score=-0.006549837333830264, total=897.7min
[CV] max_depth=4, max_features=auto, n_estimators=1000 ...............
[CV]  max_depth=4, max_features=auto, n_estimators=1000, score=-0.006818289281474298, total=920.1min
[CV] max_depth=4, max_features=auto, n_estimators=1000 ...............
[CV]  max_depth=4, max_features=auto, n_estimators=1000, score=-0.009525972648715282, total=985.8min
[CV] max_depth=4, max_features=auto, n_estimators=1000 ...............
[CV]  max_depth=4, max_features=auto, n_estimators=1000, score=-0.006573433299875328, total=991.1min
[CV] max_depth=4, max_features=log2, n_estimators=10 .................
[CV]  max_depth=4, max_features=log2, n_estimators=10, score=-0.00683327980682008, total=  24.5s
[CV] max_depth=5, max_features=auto, n_estimators=1000 ...............
[CV]  max_depth=5, max_features=auto, n_estimators=1000, score=-0.006517050540575751, total=991.8min
[CV] max_depth=4, max_features=auto, n_estimators=1000 ...............
[CV]  max_depth=4, max_features=auto, n_estimators=1000, score=-0.006530966274051406, total=996.8min
[CV] max_depth=4, max_features=auto, n_estimators=1000 ...............
[CV]  max_depth=4, max_features=auto, n_estimators=1000, score=-0.006334468755390208, total=1004.9min
[CV] max_depth=4, max_features=log2, n_estimators=10 .................
[CV]  max_depth=4, max_features=log2, n_estimators=10, score=-0.006544495546971378, total=  25.9s
[CV] max_depth=5, max_features=auto, n_estimators=1000 ...............
[CV]  max_depth=5, max_features=auto, n_estimators=1000, score=-0.009446806779615019, total=1028.2min
[CV] max_depth=4, max_features=log2, n_estimators=10 .................
[CV]  max_depth=4, max_features=log2, n_estimators=10, score=-0.00657674276152499, total=  59.6s
[CV] max_depth=5, max_features=auto, n_estimators=1000 ...............
[CV]  max_depth=5, max_features=auto, n_estimators=1000, score=-0.006565162184493303, total=1027.1min
[CV] max_depth=3, max_features=log2, n_estimators=10 .................
[CV]  max_depth=3, max_features=log2, n_estimators=10, score=-0.009591193353978124, total=  41.9s
[CV] max_depth=5, max_features=auto, n_estimators=1000 ...............
[CV]  max_depth=5, max_features=auto, n_estimators=1000, score=-0.006321606807165565, total=1031.5min
[CV] max_depth=3, max_features=log2, n_estimators=10 .................
[CV]  max_depth=3, max_features=log2, n_estimators=10, score=-0.0068462172488240715, total=  28.8s
[CV] max_depth=5, max_features=auto, n_estimators=1000 ...............
[CV]  max_depth=5, max_features=auto, n_estimators=1000, score=-0.006804578628254183, total=1035.0min
[CV] max_depth=4, max_features=log2, n_estimators=10 .................
[CV]  max_depth=4, max_features=log2, n_estimators=10, score=-0.0063406496390375445, total=  35.7s
[CV] max_depth=5, max_features=auto, n_estimators=10 .................
[CV]  max_depth=5, max_features=auto, n_estimators=10, score=-0.006322656358855131, total= 5.8min
[CV] max_depth=6, max_features=auto, n_estimators=1000 ...............
[CV]  max_depth=6, max_features=auto, n_estimators=1000, score=-0.006796233923634184, total=1041.4min
[CV] max_depth=4, max_features=auto, n_estimators=10 .................
[CV]  max_depth=4, max_features=auto, n_estimators=10, score=-0.006532556744253368, total= 7.1min
[CV] max_depth=6, max_features=auto, n_estimators=1000 ...............
[CV]  max_depth=6, max_features=auto, n_estimators=1000, score=-0.006507294479424425, total=1041.1min
[CV] max_depth=3, max_features=auto, n_estimators=10 .................
[CV]  max_depth=3, max_features=auto, n_estimators=10, score=-0.006597839480846549, total= 4.2min
[CV] max_depth=6, max_features=auto, n_estimators=10 .................
[CV]  max_depth=6, max_features=auto, n_estimators=10, score=-0.009494136003011458, total= 2.0min
[CV] max_depth=6, max_features=auto, n_estimators=1000 ...............
[CV]  max_depth=6, max_features=auto, n_estimators=1000, score=-0.009427216146179515, total=1042.6min
[CV] max_depth=4, max_features=auto, n_estimators=10 .................
[CV]  max_depth=4, max_features=auto, n_estimators=10, score=-0.006330980769133584, total= 7.7min
[CV] max_depth=6, max_features=auto, n_estimators=1000 ...............
[CV]  max_depth=6, max_features=auto, n_estimators=1000, score=-0.006312862651820348, total=1042.6min
MinMaxScaler(copy=True, feature_range=(0, 1))
[[0.56338384 0.46298477 0.63071499 ... 0.42244079 0.24112541 0.67628533]
 [0.70819261 0.61376833 0.63079494 ... 0.26852619 0.3976628  0.70792548]
 [0.75054825 0.62952542 0.75390632 ... 0.39980056 0.23134098 0.74746135]
 ...
 [0.82948628 0.60251881 0.60762203 ... 0.43988698 0.3236935  0.81886675]
 [0.78228555 0.53565264 0.72338028 ... 0.49191029 0.2692075  0.71513245]
 [0.92661741 0.60327577 0.71463065 ... 0.30231448 0.32257515 0.78388975]]
Training Features Shape: (7646, 1024)
Training Labels Shape: (7646, 978)
Testing Features Shape: (850, 1024)
Testing Labels Shape: (850, 978)
Fitting 5 folds for each of 8 candidates, totalling 40 fits
Mean Absolute Error: 0.7491 z
Mean dummy Absolute Error: 0.7327 z
[CV] max_depth=3, max_features=log2, n_estimators=5 ..................
[CV]  max_depth=3, max_features=log2, n_estimators=5, score=-0.006593898078062151, total=   1.2s
[CV] max_depth=3, max_features=log2, n_estimators=5 ..................
[CV]  max_depth=3, max_features=log2, n_estimators=5, score=-0.0065530388779259305, total=   1.2s
[CV] max_depth=4, max_features=log2, n_estimators=5 ..................
[CV]  max_depth=4, max_features=log2, n_estimators=5, score=-0.006360270991618963, total=   1.5s
[CV] max_depth=4, max_features=log2, n_estimators=10 .................
[CV]  max_depth=4, max_features=log2, n_estimators=10, score=-0.009564331887772917, total=   2.4s
[CV] max_depth=4, max_features=log2, n_estimators=10 .................
[CV]  max_depth=4, max_features=log2, n_estimators=10, score=-0.006821787170669135, total=   2.4s
[CV] max_depth=3, max_features=log2, n_estimators=5 ..................
[CV]  max_depth=3, max_features=log2, n_estimators=5, score=-0.0063726505833340925, total=   1.1s
[CV] max_depth=4, max_features=log2, n_estimators=10 .................
[CV]  max_depth=4, max_features=log2, n_estimators=10, score=-0.0065842274315923025, total=   2.4s
[CV] max_depth=3, max_features=log2, n_estimators=5 ..................
[CV]  max_depth=3, max_features=log2, n_estimators=5, score=-0.006855746559677025, total=   4.3s
[CV] max_depth=3, max_features=log2, n_estimators=5 ..................
[CV]  max_depth=3, max_features=log2, n_estimators=5, score=-0.009641909276975991, total=   4.7s
[CV] max_depth=3, max_features=log2, n_estimators=10 .................
[CV]  max_depth=3, max_features=log2, n_estimators=10, score=-0.006559739333535558, total=   3.7s
[CV] max_depth=4, max_features=log2, n_estimators=5 ..................
[CV]  max_depth=4, max_features=log2, n_estimators=5, score=-0.009653545404736848, total=   3.1s
[CV] max_depth=4, max_features=log2, n_estimators=5 ..................
[CV]  max_depth=4, max_features=log2, n_estimators=5, score=-0.0065556756959969445, total=   3.1s
[CV] max_depth=4, max_features=log2, n_estimators=5 ..................
[CV]  max_depth=4, max_features=log2, n_estimators=5, score=-0.006835902577997739, total=   3.1s
[CV] max_depth=4, max_features=log2, n_estimators=5 ..................
[CV]  max_depth=4, max_features=log2, n_estimators=5, score=-0.006584218625225829, total=   1.4s
[CV] max_depth=3, max_features=log2, n_estimators=10 .................
[CV]  max_depth=3, max_features=log2, n_estimators=10, score=-0.009615064897046237, total=   4.2s
[CV] max_depth=4, max_features=log2, n_estimators=10 .................
[CV]  max_depth=4, max_features=log2, n_estimators=10, score=-0.006338066207942346, total=   2.9s
[CV] max_depth=3, max_features=log2, n_estimators=10 .................
[CV]  max_depth=3, max_features=log2, n_estimators=10, score=-0.006592566407425314, total=   5.5s
[CV] max_depth=3, max_features=log2, n_estimators=10 .................
[CV]  max_depth=3, max_features=log2, n_estimators=10, score=-0.006358960460590223, total=   5.6s
[CV] max_depth=4, max_features=log2, n_estimators=10 .................
[CV]  max_depth=4, max_features=log2, n_estimators=10, score=-0.006554153425422115, total=   8.1s
[CV] max_depth=3, max_features=auto, n_estimators=5 ..................
[CV]  max_depth=3, max_features=auto, n_estimators=5, score=-0.006839783667674594, total=  12.8s
[CV] max_depth=3, max_features=auto, n_estimators=5 ..................
[CV]  max_depth=3, max_features=auto, n_estimators=5, score=-0.006351055102528415, total=  13.3s
[CV] max_depth=3, max_features=log2, n_estimators=10 .................
[CV]  max_depth=3, max_features=log2, n_estimators=10, score=-0.006839230444929476, total=  11.5s
[CV] max_depth=3, max_features=auto, n_estimators=5 ..................
[CV]  max_depth=3, max_features=auto, n_estimators=5, score=-0.009635118698577796, total=  22.4s
[CV] max_depth=3, max_features=auto, n_estimators=5 ..................
[CV]  max_depth=3, max_features=auto, n_estimators=5, score=-0.006581920160449884, total=  24.4s
[CV] max_depth=4, max_features=auto, n_estimators=5 ..................
[CV]  max_depth=4, max_features=auto, n_estimators=5, score=-0.006341218751955105, total=  24.0s
[CV] max_depth=4, max_features=auto, n_estimators=5 ..................
[CV]  max_depth=4, max_features=auto, n_estimators=5, score=-0.009647385364254397, total=  23.0s
[CV] max_depth=4, max_features=auto, n_estimators=5 ..................
[CV]  max_depth=4, max_features=auto, n_estimators=5, score=-0.006822427711120325, total=  22.4s
[CV] max_depth=3, max_features=auto, n_estimators=5 ..................
[CV]  max_depth=3, max_features=auto, n_estimators=5, score=-0.006565476221649348, total=  27.2s
[CV] max_depth=4, max_features=auto, n_estimators=10 .................
[CV]  max_depth=4, max_features=auto, n_estimators=10, score=-0.006344943058437871, total=  28.3s
[CV] max_depth=4, max_features=auto, n_estimators=10 .................
[CV]  max_depth=4, max_features=auto, n_estimators=10, score=-0.009557677722228904, total=  28.0s
[CV] max_depth=4, max_features=auto, n_estimators=10 .................
[CV]  max_depth=4, max_features=auto, n_estimators=10, score=-0.006575278945952937, total=  29.1s
[CV] max_depth=4, max_features=auto, n_estimators=5 ..................
[CV]  max_depth=4, max_features=auto, n_estimators=5, score=-0.006584567869538392, total=  26.3s
[CV] max_depth=4, max_features=auto, n_estimators=10 .................
[CV]  max_depth=4, max_features=auto, n_estimators=10, score=-0.00654224217305388, total=  31.5s
[CV] max_depth=4, max_features=auto, n_estimators=5 ..................
[CV]  max_depth=4, max_features=auto, n_estimators=5, score=-0.006549698942362422, total=  29.8s
[CV] max_depth=3, max_features=auto, n_estimators=10 .................
[CV]  max_depth=3, max_features=auto, n_estimators=10, score=-0.006549542516151708, total=  32.6s
[CV] max_depth=3, max_features=auto, n_estimators=10 .................
[CV]  max_depth=3, max_features=auto, n_estimators=10, score=-0.006835583843150968, total=  34.6s
[CV] max_depth=3, max_features=auto, n_estimators=10 .................
[CV]  max_depth=3, max_features=auto, n_estimators=10, score=-0.009651594345689773, total=  35.8s
[CV] max_depth=3, max_features=auto, n_estimators=10 .................
[CV]  max_depth=3, max_features=auto, n_estimators=10, score=-0.0063505941172993016, total=  45.8s
[CV] max_depth=3, max_features=auto, n_estimators=10 .................
[CV]  max_depth=3, max_features=auto, n_estimators=10, score=-0.006583687978230607, total=  36.1s
[CV] max_depth=4, max_features=auto, n_estimators=10 .................
[CV]  max_depth=4, max_features=auto, n_estimators=10, score=-0.0068257093787456, total=  39.7s
